<?xml version="1.0" encoding="UTF-8"?>
<testng-results ignored="0" total="0" passed="0" failed="0" skipped="0">
  <reporter-output>
  </reporter-output>
  <suite started-at="2026-07-06T16:14:01 IST" name="Surefire suite" finished-at="2026-07-06T16:14:01 IST" duration-ms="4">
    <groups>
    </groups>
    <test started-at="2026-07-06T16:14:01 IST" name="Surefire test" finished-at="2026-07-06T16:14:01 IST" duration-ms="4">
      <class name="campaigntest.TestComponents.BaseTest">
        <test-method is-config="true" signature="flushReport()[pri:0, instance:campaigntest.TestComponents.BaseTest@729d991e]" started-at="2026-07-06T16:14:01 IST" name="flushReport" finished-at="2026-07-06T16:14:01 IST" duration-ms="120" status="PASS">
          <reporter-output>
          </reporter-output>
        </test-method> <!-- flushReport -->
      </class> <!-- campaigntest.TestComponents.BaseTest -->
    </test> <!-- Surefire test -->
  </suite> <!-- Surefire suite -->
</testng-results>
