<?xml version="1.0" encoding="UTF-8"?>
<testng-results ignored="0" total="1" passed="1" failed="0" skipped="0">
  <reporter-output>
  </reporter-output>
  <suite started-at="2026-03-18T16:53:58 IST" name="Default suite" finished-at="2026-03-18T16:54:57 IST" duration-ms="59191">
    <groups>
    </groups>
    <test started-at="2026-03-18T16:53:58 IST" name="Default test" finished-at="2026-03-18T16:54:57 IST" duration-ms="59191">
      <class name="campaigntest.singletemplate">
        <test-method is-config="true" signature="setup()[pri:0, instance:campaigntest.singletemplate@4b741d6d]" started-at="2026-03-18T16:53:58 IST" name="setup" finished-at="2026-03-18T16:54:04 IST" duration-ms="5718" status="PASS">
          <reporter-output>
          </reporter-output>
        </test-method> <!-- setup -->
        <test-method signature="createCampaignWithTemplate()[pri:0, instance:campaigntest.singletemplate@4b741d6d]" started-at="2026-03-18T16:54:04 IST" name="createCampaignWithTemplate" finished-at="2026-03-18T16:54:57 IST" duration-ms="53015" status="PASS">
          <reporter-output>
          </reporter-output>
        </test-method> <!-- createCampaignWithTemplate -->
        <test-method is-config="true" signature="tearDown()[pri:0, instance:campaigntest.singletemplate@4b741d6d]" started-at="2026-03-18T16:54:57 IST" name="tearDown" finished-at="2026-03-18T16:54:57 IST" duration-ms="400" status="PASS">
          <reporter-output>
          </reporter-output>
        </test-method> <!-- tearDown -->
      </class> <!-- campaigntest.singletemplate -->
    </test> <!-- Default test -->
  </suite> <!-- Default suite -->
</testng-results>
